<?xml version="1.0" encoding="UTF-8"?>
<testng-results ignored="0" total="5" passed="4" failed="1" skipped="0">
  <reporter-output>
  </reporter-output>
  <suite started-at="2025-07-16T23:33:51 IST" name="Suite" finished-at="2025-07-16T23:34:15 IST" duration-ms="24530">
    <groups>
      <group name="Purchase">
        <method signature="StandAlone.submitOrder(java.util.HashMap)[pri:0, instance:com.SeleniumProject.tests.StandAlone@183ec003]" name="submitOrder" class="com.SeleniumProject.tests.StandAlone"/>
      </group> <!-- Purchase -->
    </groups>
    <test started-at="2025-07-16T23:33:51 IST" name="ErrorValidation" finished-at="2025-07-16T23:34:04 IST" duration-ms="12823">
      <class name="com.SeleniumProject.tests.ErrorValidation">
        <test-method is-config="true" signature="launchApplication()[pri:0, instance:com.SeleniumProject.tests.ErrorValidation@7e990ed7]" started-at="2025-07-16T23:33:51 IST" name="launchApplication" finished-at="2025-07-16T23:33:53 IST" duration-ms="2301" status="PASS">
          <reporter-output>
          </reporter-output>
        </test-method> <!-- launchApplication -->
        <test-method signature="errorValidation()[pri:0, instance:com.SeleniumProject.tests.ErrorValidation@7e990ed7]" started-at="2025-07-16T23:33:53 IST" name="errorValidation" finished-at="2025-07-16T23:33:54 IST" duration-ms="455" status="FAIL">
          <exception class="java.lang.AssertionError">
            <message>
              <![CDATA[expected [Incorrect email or password.] but found [Incorrect email or password]]]>
            </message>
            <full-stacktrace>
              <![CDATA[java.lang.AssertionError: expected [Incorrect email or password.] but found [Incorrect email or password]
at org.testng.Assert.fail(Assert.java:111)
at org.testng.Assert.failNotEquals(Assert.java:1578)
at org.testng.Assert.assertEqualsImpl(Assert.java:150)
at org.testng.Assert.assertEquals(Assert.java:132)
at org.testng.Assert.assertEquals(Assert.java:656)
at org.testng.Assert.assertEquals(Assert.java:666)
at com.SeleniumProject.tests.ErrorValidation.errorValidation(ErrorValidation.java:36)
at java.base/jdk.internal.reflect.NativeMethodAccessorImpl.invoke0(Native Method)
at java.base/jdk.internal.reflect.NativeMethodAccessorImpl.invoke(NativeMethodAccessorImpl.java:77)
at java.base/jdk.internal.reflect.DelegatingMethodAccessorImpl.invoke(DelegatingMethodAccessorImpl.java:43)
at java.base/java.lang.reflect.Method.invoke(Method.java:569)
at org.testng.internal.invokers.MethodInvocationHelper.invokeMethod(MethodInvocationHelper.java:139)
at org.testng.internal.invokers.TestInvoker.invokeMethod(TestInvoker.java:664)
at org.testng.internal.invokers.TestInvoker.invokeTestMethod(TestInvoker.java:228)
at org.testng.internal.invokers.MethodRunner.runInSequence(MethodRunner.java:63)
at org.testng.internal.invokers.TestInvoker$MethodInvocationAgent.invoke(TestInvoker.java:961)
at org.testng.internal.invokers.TestInvoker.invokeTestMethods(TestInvoker.java:201)
at org.testng.internal.invokers.TestMethodWorker.invokeTestMethods(TestMethodWorker.java:148)
at org.testng.internal.invokers.TestMethodWorker.run(TestMethodWorker.java:128)
at java.base/java.util.ArrayList.forEach(ArrayList.java:1511)
at org.testng.TestRunner.privateRun(TestRunner.java:819)
at org.testng.TestRunner.run(TestRunner.java:619)
at org.testng.SuiteRunner.runTest(SuiteRunner.java:443)
at org.testng.SuiteRunner$SuiteWorker.run(SuiteRunner.java:481)
at org.testng.internal.thread.ThreadUtil.lambda$execute$0(ThreadUtil.java:58)
at java.base/java.util.concurrent.FutureTask.run(FutureTask.java:264)
at java.base/java.util.concurrent.ThreadPoolExecutor.runWorker(ThreadPoolExecutor.java:1136)
at java.base/java.util.concurrent.ThreadPoolExecutor$Worker.run(ThreadPoolExecutor.java:635)
at java.base/java.lang.Thread.run(Thread.java:840)
]]>
            </full-stacktrace>
          </exception> <!-- java.lang.AssertionError -->
          <reporter-output>
          </reporter-output>
        </test-method> <!-- errorValidation -->
        <test-method is-config="true" signature="tearDown()[pri:0, instance:com.SeleniumProject.tests.ErrorValidation@7e990ed7]" started-at="2025-07-16T23:33:54 IST" name="tearDown" finished-at="2025-07-16T23:33:54 IST" duration-ms="113" status="PASS">
          <reporter-output>
          </reporter-output>
        </test-method> <!-- tearDown -->
        <test-method is-config="true" signature="launchApplication()[pri:0, instance:com.SeleniumProject.tests.ErrorValidation@7e990ed7]" started-at="2025-07-16T23:33:54 IST" name="launchApplication" finished-at="2025-07-16T23:33:55 IST" duration-ms="1181" status="PASS">
          <reporter-output>
          </reporter-output>
        </test-method> <!-- launchApplication -->
        <test-method signature="productValidation()[pri:0, instance:com.SeleniumProject.tests.ErrorValidation@7e990ed7]" started-at="2025-07-16T23:33:55 IST" name="productValidation" finished-at="2025-07-16T23:34:04 IST" duration-ms="8475" status="PASS">
          <reporter-output>
          </reporter-output>
        </test-method> <!-- productValidation -->
        <test-method is-config="true" signature="tearDown()[pri:0, instance:com.SeleniumProject.tests.ErrorValidation@7e990ed7]" started-at="2025-07-16T23:34:04 IST" name="tearDown" finished-at="2025-07-16T23:34:04 IST" duration-ms="71" status="PASS">
          <reporter-output>
          </reporter-output>
        </test-method> <!-- tearDown -->
      </class> <!-- com.SeleniumProject.tests.ErrorValidation -->
    </test> <!-- ErrorValidation -->
    <test started-at="2025-07-16T23:33:51 IST" name="SubmitOrder" finished-at="2025-07-16T23:34:15 IST" duration-ms="24530">
      <class name="com.SeleniumProject.tests.StandAlone">
        <test-method is-config="true" signature="launchApplication()[pri:0, instance:com.SeleniumProject.tests.StandAlone@183ec003]" started-at="2025-07-16T23:33:51 IST" name="launchApplication" finished-at="2025-07-16T23:33:53 IST" duration-ms="2140" status="PASS">
          <reporter-output>
          </reporter-output>
        </test-method> <!-- launchApplication -->
        <test-method signature="submitOrder(java.util.HashMap)[pri:0, instance:com.SeleniumProject.tests.StandAlone@183ec003]" started-at="2025-07-16T23:33:53 IST" name="submitOrder" data-provider="getData" finished-at="2025-07-16T23:34:03 IST" duration-ms="9436" status="PASS">
          <params>
            <param index="0">
              <value>
                <![CDATA[{password=Rahul@1234, product=ZARA COAT 3, email=rahulsinhaimuv@gmail.com}]]>
              </value>
            </param>
          </params>
          <reporter-output>
          </reporter-output>
        </test-method> <!-- submitOrder -->
        <test-method is-config="true" signature="tearDown()[pri:0, instance:com.SeleniumProject.tests.StandAlone@183ec003]" started-at="2025-07-16T23:34:03 IST" name="tearDown" finished-at="2025-07-16T23:34:03 IST" duration-ms="108" status="PASS">
          <reporter-output>
          </reporter-output>
        </test-method> <!-- tearDown -->
        <test-method is-config="true" signature="launchApplication()[pri:0, instance:com.SeleniumProject.tests.StandAlone@183ec003]" started-at="2025-07-16T23:34:03 IST" name="launchApplication" finished-at="2025-07-16T23:34:04 IST" duration-ms="1296" status="PASS">
          <reporter-output>
          </reporter-output>
        </test-method> <!-- launchApplication -->
        <test-method signature="submitOrder(java.util.HashMap)[pri:0, instance:com.SeleniumProject.tests.StandAlone@183ec003]" started-at="2025-07-16T23:34:04 IST" name="submitOrder" data-provider="getData" finished-at="2025-07-16T23:34:13 IST" duration-ms="9259" status="PASS">
          <params>
            <param index="0">
              <value>
                <![CDATA[{password=Rahul@1234, product=ADIDAS ORIGINAL, email=rahuldk.rahul39@gmail.com}]]>
              </value>
            </param>
          </params>
          <reporter-output>
          </reporter-output>
        </test-method> <!-- submitOrder -->
        <test-method is-config="true" signature="tearDown()[pri:0, instance:com.SeleniumProject.tests.StandAlone@183ec003]" started-at="2025-07-16T23:34:13 IST" name="tearDown" finished-at="2025-07-16T23:34:13 IST" duration-ms="111" status="PASS">
          <reporter-output>
          </reporter-output>
        </test-method> <!-- tearDown -->
        <test-method is-config="true" signature="launchApplication()[pri:0, instance:com.SeleniumProject.tests.StandAlone@183ec003]" started-at="2025-07-16T23:34:13 IST" name="launchApplication" finished-at="2025-07-16T23:34:15 IST" duration-ms="1227" status="PASS">
          <reporter-output>
          </reporter-output>
        </test-method> <!-- launchApplication -->
        <test-method signature="orderHistory()[pri:0, instance:com.SeleniumProject.tests.StandAlone@183ec003]" started-at="2025-07-16T23:34:15 IST" name="orderHistory" finished-at="2025-07-16T23:34:15 IST" depends-on-methods="com.SeleniumProject.tests.StandAlone.submitOrder" duration-ms="676" status="PASS">
          <reporter-output>
          </reporter-output>
        </test-method> <!-- orderHistory -->
        <test-method is-config="true" signature="tearDown()[pri:0, instance:com.SeleniumProject.tests.StandAlone@183ec003]" started-at="2025-07-16T23:34:15 IST" name="tearDown" finished-at="2025-07-16T23:34:15 IST" duration-ms="108" status="PASS">
          <reporter-output>
          </reporter-output>
        </test-method> <!-- tearDown -->
      </class> <!-- com.SeleniumProject.tests.StandAlone -->
    </test> <!-- SubmitOrder -->
  </suite> <!-- Suite -->
</testng-results>
